<?xml version="1.0" encoding="UTF-8"?>
<testng-results skipped="0" failed="0" total="0" passed="0">
  <reporter-output>
  </reporter-output>
  <suite name="Project.orangeHrm.AppTest" duration-ms="27" started-at="2019-09-14T18:42:00Z" finished-at="2019-09-14T18:42:00Z">
    <groups>
    </groups>
    <test name="Command line test" duration-ms="27" started-at="2019-09-14T18:42:00Z" finished-at="2019-09-14T18:42:00Z">
    </test> <!-- Command line test -->
  </suite> <!-- Project.orangeHrm.AppTest -->
</testng-results>
