<?xml version="1.0" encoding="UTF-8"?>
<testng-results skipped="0" failed="0" total="1" passed="1">
  <reporter-output>
  </reporter-output>
  <suite name="Default suite" duration-ms="66576" started-at="2019-09-15T07:48:44Z" finished-at="2019-09-15T07:49:50Z">
    <groups>
    </groups>
    <test name="Default test" duration-ms="66576" started-at="2019-09-15T07:48:44Z" finished-at="2019-09-15T07:49:50Z">
      <class name="Project.orangeHrm.SampleTest">
        <test-method status="PASS" signature="tested()[pri:0, instance:Project.orangeHrm.SampleTest@c038203]" name="tested" duration-ms="66430" started-at="2019-09-15T13:18:44Z" finished-at="2019-09-15T13:19:50Z">
          <reporter-output>
          </reporter-output>
        </test-method> <!-- tested -->
      </class> <!-- Project.orangeHrm.SampleTest -->
    </test> <!-- Default test -->
  </suite> <!-- Default suite -->
</testng-results>
